<?xml version="1.0" encoding="UTF-8"?>
<testng-results ignored="0" total="1" passed="1" failed="0" skipped="0">
  <reporter-output>
  </reporter-output>
  <suite started-at="2022-09-14T09:43:38 IST" name="Default suite" finished-at="2022-09-14T09:44:10 IST" duration-ms="31658">
    <groups>
    </groups>
    <test started-at="2022-09-14T09:43:38 IST" name="Default test" finished-at="2022-09-14T09:44:10 IST" duration-ms="31658">
      <class name="com.cde.docketrequest.DocketRequestCh13">
        <test-method is-config="true" signature="setupSuite(org.testng.ITestContext)[pri:0, instance:com.cde.docketrequest.DocketRequestCh13@2c1b194a]" started-at="2022-09-14T09:43:34 IST" name="setupSuite" finished-at="2022-09-14T09:43:38 IST" duration-ms="4247" status="PASS">
          <params>
            <param index="0">
              <value>
                <![CDATA[org.testng.TestRunner@2b5183ec]]>
              </value>
            </param>
          </params>
          <reporter-output>
          </reporter-output>
        </test-method> <!-- setupSuite -->
        <test-method is-config="true" signature="loginCDE()[pri:0, instance:com.cde.docketrequest.DocketRequestCh13@2c1b194a]" started-at="2022-09-14T09:43:38 IST" name="loginCDE" finished-at="2022-09-14T09:43:50 IST" duration-ms="12135" status="PASS">
          <reporter-output>
          </reporter-output>
        </test-method> <!-- loginCDE -->
        <test-method is-config="true" signature="reportHeader(java.lang.reflect.Method)[pri:0, instance:com.cde.docketrequest.DocketRequestCh13@2c1b194a]" started-at="2022-09-14T09:43:50 IST" name="reportHeader" finished-at="2022-09-14T09:43:50 IST" duration-ms="8" status="PASS">
          <params>
            <param index="0">
              <value>
                <![CDATA[public void com.cde.docketrequest.DocketRequestCh13.validDocketRange() throws java.lang.Throwable]]>
              </value>
            </param>
          </params>
          <reporter-output>
          </reporter-output>
        </test-method> <!-- reportHeader -->
        <test-method signature="validDocketRange()[pri:0, instance:com.cde.docketrequest.DocketRequestCh13@2c1b194a]" started-at="2022-09-14T09:43:50 IST" name="validDocketRange" description="Request with valid docket range" finished-at="2022-09-14T09:44:09 IST" duration-ms="18993" status="PASS">
          <reporter-output>
          </reporter-output>
        </test-method> <!-- validDocketRange -->
        <test-method is-config="true" signature="closeBrowser()[pri:0, instance:com.cde.docketrequest.DocketRequestCh13@2c1b194a]" started-at="2022-09-14T09:44:09 IST" name="closeBrowser" finished-at="2022-09-14T09:44:10 IST" duration-ms="468" status="PASS">
          <reporter-output>
          </reporter-output>
        </test-method> <!-- closeBrowser -->
        <test-method is-config="true" signature="getSummaryReport(org.testng.ITestContext)[pri:0, instance:com.cde.docketrequest.DocketRequestCh13@2c1b194a]" started-at="2022-09-14T09:44:10 IST" name="getSummaryReport" finished-at="2022-09-14T09:44:10 IST" duration-ms="12" status="PASS">
          <params>
            <param index="0">
              <value>
                <![CDATA[org.testng.TestRunner@2b5183ec]]>
              </value>
            </param>
          </params>
          <reporter-output>
          </reporter-output>
        </test-method> <!-- getSummaryReport -->
      </class> <!-- com.cde.docketrequest.DocketRequestCh13 -->
    </test> <!-- Default test -->
  </suite> <!-- Default suite -->
</testng-results>
