<?xml version="1.0" encoding="UTF-8"?>
<!-- Generated by org.testng.reporters.JUnitXMLReporter -->
<testsuite hostname="EPIQ-G37QX33" ignored="1" name="Test" tests="4" failures="0" timestamp="2021-09-16T19:57:04 IST" time="30.954" errors="0">
  <testcase name="verifyIncorrectPwd" time="4.325" classname="com.cde.home.VerifyLogin"/>
  <testcase name="verifyIncorrectUname" time="2.687" classname="com.cde.home.VerifyLogin"/>
  <testcase name="verifyIncorrectUserPwd" time="2.655" classname="com.cde.home.VerifyLogin"/>
  <testcase name="verifyValidLogin" time="3.365" classname="com.cde.home.VerifyLogin"/>
  <testcase name="verifyBlankCredentials" time="0.0" classname="com.cde.home.VerifyLogin">
    <ignored/>
  </testcase> <!-- verifyBlankCredentials -->
</testsuite> <!-- Test -->
